ARM GAS  /tmp/ccE1aRim.s 			page 1


   1              		.cpu cortex-m3
   2              		.eabi_attribute 20, 1	@ Tag_ABI_FP_denormal
   3              		.eabi_attribute 21, 1	@ Tag_ABI_FP_exceptions
   4              		.eabi_attribute 23, 3	@ Tag_ABI_FP_number_model
   5              		.eabi_attribute 24, 1	@ Tag_ABI_align8_needed
   6              		.eabi_attribute 25, 1	@ Tag_ABI_align8_preserved
   7              		.eabi_attribute 26, 1	@ Tag_ABI_enum_size
   8              		.eabi_attribute 30, 2	@ Tag_ABI_optimization_goals
   9              		.eabi_attribute 34, 1	@ Tag_CPU_unaligned_access
  10              		.eabi_attribute 18, 4	@ Tag_ABI_PCS_wchar_t
  11              		.file	"syscalls.c"
  12              	@ GNU C99 (15:7-2018-q2-6) version 7.3.1 20180622 (release) [ARM/embedded-7-branch revision 261907]
  13              	@	compiled by GNU C version 8.2.0, GMP version 6.1.2, MPFR version 4.0.2, MPC version 1.1.0, isl ve
  14              	@ GGC heuristics: --param ggc-min-expand=100 --param ggc-min-heapsize=131072
  15              	@ options passed:  -I . -imultilib thumb/v7-m -MD out/syscalls.d
  16              	@ -MF out/syscalls.d -MP -MQ out/syscalls.o -D__USES_INITFINI__ -D RAMCODE
  17              	@ -D STM32F10X_HD syscalls.c -mcpu=cortex-m3 -mthumb
  18              	@ -auxbase-strip out/syscalls.o -O2 -Wall -Wstrict-prototypes -Wextra
  19              	@ -Wno-uninitialized -Wno-unused-but-set-variable -Wno-unused-parameter
  20              	@ -Wno-unused-variable -std=gnu99 -ffunction-sections -fdata-sections
  21              	@ -fverbose-asm
  22              	@ options enabled:  -faggressive-loop-optimizations -falign-jumps
  23              	@ -falign-labels -falign-loops -fauto-inc-dec -fbranch-count-reg
  24              	@ -fcaller-saves -fchkp-check-incomplete-type -fchkp-check-read
  25              	@ -fchkp-check-write -fchkp-instrument-calls -fchkp-narrow-bounds
  26              	@ -fchkp-optimize -fchkp-store-bounds -fchkp-use-static-bounds
  27              	@ -fchkp-use-static-const-bounds -fchkp-use-wrappers -fcode-hoisting
  28              	@ -fcombine-stack-adjustments -fcommon -fcompare-elim -fcprop-registers
  29              	@ -fcrossjumping -fcse-follow-jumps -fdata-sections -fdefer-pop
  30              	@ -fdelete-null-pointer-checks -fdevirtualize -fdevirtualize-speculatively
  31              	@ -fdwarf2-cfi-asm -fearly-inlining -feliminate-unused-debug-types
  32              	@ -fexpensive-optimizations -fforward-propagate -ffp-int-builtin-inexact
  33              	@ -ffunction-cse -ffunction-sections -fgcse -fgcse-lm -fgnu-runtime
  34              	@ -fgnu-unique -fguess-branch-probability -fhoist-adjacent-loads -fident
  35              	@ -fif-conversion -fif-conversion2 -findirect-inlining -finline
  36              	@ -finline-atomics -finline-functions-called-once -finline-small-functions
  37              	@ -fipa-bit-cp -fipa-cp -fipa-icf -fipa-icf-functions -fipa-icf-variables
  38              	@ -fipa-profile -fipa-pure-const -fipa-ra -fipa-reference -fipa-sra
  39              	@ -fipa-vrp -fira-hoist-pressure -fira-share-save-slots
  40              	@ -fira-share-spill-slots -fisolate-erroneous-paths-dereference -fivopts
  41              	@ -fkeep-static-consts -fleading-underscore -flifetime-dse -flra-remat
  42              	@ -flto-odr-type-merging -fmath-errno -fmerge-constants
  43              	@ -fmerge-debug-strings -fmove-loop-invariants -fomit-frame-pointer
  44              	@ -foptimize-sibling-calls -foptimize-strlen -fpartial-inlining -fpeephole
  45              	@ -fpeephole2 -fplt -fprefetch-loop-arrays -freg-struct-return
  46              	@ -freorder-blocks -freorder-functions -frerun-cse-after-loop
  47              	@ -fsched-critical-path-heuristic -fsched-dep-count-heuristic
  48              	@ -fsched-group-heuristic -fsched-interblock -fsched-last-insn-heuristic
  49              	@ -fsched-pressure -fsched-rank-heuristic -fsched-spec
  50              	@ -fsched-spec-insn-heuristic -fsched-stalled-insns-dep -fschedule-insns
  51              	@ -fschedule-insns2 -fsection-anchors -fsemantic-interposition
  52              	@ -fshow-column -fshrink-wrap -fshrink-wrap-separate -fsigned-zeros
  53              	@ -fsplit-ivs-in-unroller -fsplit-wide-types -fssa-backprop -fssa-phiopt
  54              	@ -fstdarg-opt -fstore-merging -fstrict-aliasing -fstrict-overflow
  55              	@ -fstrict-volatile-bitfields -fsync-libcalls -fthread-jumps
  56              	@ -ftoplevel-reorder -ftrapping-math -ftree-bit-ccp -ftree-builtin-call-dce
  57              	@ -ftree-ccp -ftree-ch -ftree-coalesce-vars -ftree-copy-prop -ftree-cselim
ARM GAS  /tmp/ccE1aRim.s 			page 2


  58              	@ -ftree-dce -ftree-dominator-opts -ftree-dse -ftree-forwprop -ftree-fre
  59              	@ -ftree-loop-if-convert -ftree-loop-im -ftree-loop-ivcanon
  60              	@ -ftree-loop-optimize -ftree-parallelize-loops= -ftree-phiprop -ftree-pre
  61              	@ -ftree-pta -ftree-reassoc -ftree-scev-cprop -ftree-sink -ftree-slsr
  62              	@ -ftree-sra -ftree-switch-conversion -ftree-tail-merge -ftree-ter
  63              	@ -ftree-vrp -funit-at-a-time -fverbose-asm -fzero-initialized-in-bss
  64              	@ -masm-syntax-unified -mfix-cortex-m3-ldrd -mlittle-endian
  65              	@ -mpic-data-is-text-relative -msched-prolog -mthumb -munaligned-access
  66              	@ -mvectorize-with-neon-quad
  67              	
  68              		.text
  69              		.section	.text._close_r,"ax",%progbits
  70              		.align	1
  71              		.p2align 2,,3
  72              		.global	_close_r
  73              		.syntax unified
  74              		.thumb
  75              		.thumb_func
  76              		.fpu softvfp
  77              		.type	_close_r, %function
  78              	_close_r:
  79              		@ args = 0, pretend = 0, frame = 0
  80              		@ frame_needed = 0, uses_anonymous_args = 0
  81              		@ link register save eliminated.
  82              	@ syscalls.c:121: }
  83 0000 4FF0FF30 		mov	r0, #-1	@,
  84 0004 7047     		bx	lr	@
  85              		.size	_close_r, .-_close_r
  86 0006 00BF     		.section	.text._execve_r,"ax",%progbits
  87              		.align	1
  88              		.p2align 2,,3
  89              		.global	_execve_r
  90              		.syntax unified
  91              		.thumb
  92              		.thumb_func
  93              		.fpu softvfp
  94              		.type	_execve_r, %function
  95              	_execve_r:
  96              		@ args = 0, pretend = 0, frame = 0
  97              		@ frame_needed = 0, uses_anonymous_args = 0
  98              		@ link register save eliminated.
  99              	@ syscalls.c:150: 	errno = ENOMEM;
 100 0000 0C22     		movs	r2, #12	@ tmp116,
 101 0002 024B     		ldr	r3, .L4	@ tmp115,
 102              	@ syscalls.c:152: }
 103 0004 4FF0FF30 		mov	r0, #-1	@,
 104              	@ syscalls.c:150: 	errno = ENOMEM;
 105 0008 1A60     		str	r2, [r3]	@ tmp116, errno
 106              	@ syscalls.c:152: }
 107 000a 7047     		bx	lr	@
 108              	.L5:
 109              		.align	2
 110              	.L4:
 111 000c 00000000 		.word	errno
 112              		.size	_execve_r, .-_execve_r
 113              		.section	.text._exit,"ax",%progbits
 114              		.align	1
ARM GAS  /tmp/ccE1aRim.s 			page 3


 115              		.p2align 2,,3
 116              		.global	_exit
 117              		.syntax unified
 118              		.thumb
 119              		.thumb_func
 120              		.fpu softvfp
 121              		.type	_exit, %function
 122              	_exit:
 123              		@ Volatile: function does not return.
 124              		@ args = 0, pretend = 0, frame = 0
 125              		@ frame_needed = 0, uses_anonymous_args = 0
 126              		@ link register save eliminated.
 127              	.L7:
 128 0000 FEE7     		b	.L7	@
 129              		.size	_exit, .-_exit
 130 0002 00BF     		.section	.text._fork_r,"ax",%progbits
 131              		.align	1
 132              		.p2align 2,,3
 133              		.global	_fork_r
 134              		.syntax unified
 135              		.thumb
 136              		.thumb_func
 137              		.fpu softvfp
 138              		.type	_fork_r, %function
 139              	_fork_r:
 140              		@ args = 0, pretend = 0, frame = 0
 141              		@ frame_needed = 0, uses_anonymous_args = 0
 142              		@ link register save eliminated.
 143              	@ syscalls.c:187: 	errno = EAGAIN;
 144 0000 0B22     		movs	r2, #11	@ tmp113,
 145 0002 024B     		ldr	r3, .L9	@ tmp112,
 146              	@ syscalls.c:189: }
 147 0004 4FF0FF30 		mov	r0, #-1	@,
 148              	@ syscalls.c:187: 	errno = EAGAIN;
 149 0008 1A60     		str	r2, [r3]	@ tmp113, errno
 150              	@ syscalls.c:189: }
 151 000a 7047     		bx	lr	@
 152              	.L10:
 153              		.align	2
 154              	.L9:
 155 000c 00000000 		.word	errno
 156              		.size	_fork_r, .-_fork_r
 157              		.section	.text._fstat_r,"ax",%progbits
 158              		.align	1
 159              		.p2align 2,,3
 160              		.global	_fstat_r
 161              		.syntax unified
 162              		.thumb
 163              		.thumb_func
 164              		.fpu softvfp
 165              		.type	_fstat_r, %function
 166              	_fstat_r:
 167              		@ args = 0, pretend = 0, frame = 0
 168              		@ frame_needed = 0, uses_anonymous_args = 0
 169              		@ link register save eliminated.
 170              	@ syscalls.c:212: 	st->st_mode = S_IFCHR;
 171 0000 4FF40053 		mov	r3, #8192	@ tmp114,
ARM GAS  /tmp/ccE1aRim.s 			page 4


 172              	@ syscalls.c:214: }
 173 0004 0020     		movs	r0, #0	@,
 174              	@ syscalls.c:212: 	st->st_mode = S_IFCHR;
 175 0006 5360     		str	r3, [r2, #4]	@ tmp114, st_3(D)->st_mode
 176              	@ syscalls.c:214: }
 177 0008 7047     		bx	lr	@
 178              		.size	_fstat_r, .-_fstat_r
 179 000a 00BF     		.section	.text._getpid_r,"ax",%progbits
 180              		.align	1
 181              		.p2align 2,,3
 182              		.global	_getpid_r
 183              		.syntax unified
 184              		.thumb
 185              		.thumb_func
 186              		.fpu softvfp
 187              		.type	_getpid_r, %function
 188              	_getpid_r:
 189              		@ args = 0, pretend = 0, frame = 0
 190              		@ frame_needed = 0, uses_anonymous_args = 0
 191              		@ link register save eliminated.
 192              	@ syscalls.c:232: }
 193 0000 0120     		movs	r0, #1	@,
 194 0002 7047     		bx	lr	@
 195              		.size	_getpid_r, .-_getpid_r
 196              		.section	.text._isatty_r,"ax",%progbits
 197              		.align	1
 198              		.p2align 2,,3
 199              		.global	_isatty_r
 200              		.syntax unified
 201              		.thumb
 202              		.thumb_func
 203              		.fpu softvfp
 204              		.type	_isatty_r, %function
 205              	_isatty_r:
 206              		@ args = 0, pretend = 0, frame = 0
 207              		@ frame_needed = 0, uses_anonymous_args = 0
 208              		@ link register save eliminated.
 209              	@ syscalls.c:252: }
 210 0000 0120     		movs	r0, #1	@,
 211 0002 7047     		bx	lr	@
 212              		.size	_isatty_r, .-_isatty_r
 213              		.section	.text._kill_r,"ax",%progbits
 214              		.align	1
 215              		.p2align 2,,3
 216              		.global	_kill_r
 217              		.syntax unified
 218              		.thumb
 219              		.thumb_func
 220              		.fpu softvfp
 221              		.type	_kill_r, %function
 222              	_kill_r:
 223              		@ args = 0, pretend = 0, frame = 0
 224              		@ frame_needed = 0, uses_anonymous_args = 0
 225              		@ link register save eliminated.
 226              	@ syscalls.c:273: 	errno = EINVAL;
 227 0000 1622     		movs	r2, #22	@ tmp115,
 228 0002 024B     		ldr	r3, .L15	@ tmp114,
ARM GAS  /tmp/ccE1aRim.s 			page 5


 229              	@ syscalls.c:275: }
 230 0004 4FF0FF30 		mov	r0, #-1	@,
 231              	@ syscalls.c:273: 	errno = EINVAL;
 232 0008 1A60     		str	r2, [r3]	@ tmp115, errno
 233              	@ syscalls.c:275: }
 234 000a 7047     		bx	lr	@
 235              	.L16:
 236              		.align	2
 237              	.L15:
 238 000c 00000000 		.word	errno
 239              		.size	_kill_r, .-_kill_r
 240              		.section	.text._link_r,"ax",%progbits
 241              		.align	1
 242              		.p2align 2,,3
 243              		.global	_link_r
 244              		.syntax unified
 245              		.thumb
 246              		.thumb_func
 247              		.fpu softvfp
 248              		.type	_link_r, %function
 249              	_link_r:
 250              		@ args = 0, pretend = 0, frame = 0
 251              		@ frame_needed = 0, uses_anonymous_args = 0
 252              		@ link register save eliminated.
 253              	@ syscalls.c:297: 	errno = EMLINK;
 254 0000 1F22     		movs	r2, #31	@ tmp115,
 255 0002 024B     		ldr	r3, .L18	@ tmp114,
 256              	@ syscalls.c:299: }
 257 0004 4FF0FF30 		mov	r0, #-1	@,
 258              	@ syscalls.c:297: 	errno = EMLINK;
 259 0008 1A60     		str	r2, [r3]	@ tmp115, errno
 260              	@ syscalls.c:299: }
 261 000a 7047     		bx	lr	@
 262              	.L19:
 263              		.align	2
 264              	.L18:
 265 000c 00000000 		.word	errno
 266              		.size	_link_r, .-_link_r
 267              		.section	.text._lseek_r,"ax",%progbits
 268              		.align	1
 269              		.p2align 2,,3
 270              		.global	_lseek_r
 271              		.syntax unified
 272              		.thumb
 273              		.thumb_func
 274              		.fpu softvfp
 275              		.type	_lseek_r, %function
 276              	_lseek_r:
 277              		@ args = 0, pretend = 0, frame = 0
 278              		@ frame_needed = 0, uses_anonymous_args = 0
 279              		@ link register save eliminated.
 280              	@ syscalls.c:324: }
 281 0000 0020     		movs	r0, #0	@,
 282 0002 7047     		bx	lr	@
 283              		.size	_lseek_r, .-_lseek_r
 284              		.section	.text._open_r,"ax",%progbits
 285              		.align	1
ARM GAS  /tmp/ccE1aRim.s 			page 6


 286              		.p2align 2,,3
 287              		.global	_open_r
 288              		.syntax unified
 289              		.thumb
 290              		.thumb_func
 291              		.fpu softvfp
 292              		.type	_open_r, %function
 293              	_open_r:
 294              		@ args = 0, pretend = 0, frame = 0
 295              		@ frame_needed = 0, uses_anonymous_args = 0
 296              		@ link register save eliminated.
 297              	@ syscalls.c:349: }
 298 0000 4FF0FF30 		mov	r0, #-1	@,
 299 0004 7047     		bx	lr	@
 300              		.size	_open_r, .-_open_r
 301 0006 00BF     		.section	.text._read_r,"ax",%progbits
 302              		.align	1
 303              		.p2align 2,,3
 304              		.global	_read_r
 305              		.syntax unified
 306              		.thumb
 307              		.thumb_func
 308              		.fpu softvfp
 309              		.type	_read_r, %function
 310              	_read_r:
 311              		@ args = 0, pretend = 0, frame = 0
 312              		@ frame_needed = 0, uses_anonymous_args = 0
 313              		@ link register save eliminated.
 314              	@ syscalls.c:373: }
 315 0000 0020     		movs	r0, #0	@,
 316 0002 7047     		bx	lr	@
 317              		.size	_read_r, .-_read_r
 318              		.section	.text._sbrk_r,"ax",%progbits
 319              		.align	1
 320              		.p2align 2,,3
 321              		.global	_sbrk_r
 322              		.syntax unified
 323              		.thumb
 324              		.thumb_func
 325              		.fpu softvfp
 326              		.type	_sbrk_r, %function
 327              	_sbrk_r:
 328              		@ args = 0, pretend = 0, frame = 0
 329              		@ frame_needed = 0, uses_anonymous_args = 0
 330              		@ link register save eliminated.
 331              	@ syscalls.c:398: 	previous_heap_end = current_heap_end;
 332 0000 064B     		ldr	r3, .L27	@ tmp115,
 333              	@ syscalls.c:400: 	if (current_heap_end + size > &__heap_end)	// is there enough space on the heap 
 334 0002 074A     		ldr	r2, .L27+4	@ tmp116,
 335              	@ syscalls.c:398: 	previous_heap_end = current_heap_end;
 336 0004 1868     		ldr	r0, [r3]	@ <retval>, current_heap_end
 337              	@ syscalls.c:400: 	if (current_heap_end + size > &__heap_end)	// is there enough space on the heap 
 338 0006 0144     		add	r1, r1, r0	@ _2, <retval>
 339 0008 9142     		cmp	r1, r2	@ _2, tmp116
 340 000a 01D8     		bhi	.L26	@,
 341              	@ syscalls.c:406: 	current_heap_end += size;				// increase data space
 342 000c 1960     		str	r1, [r3]	@ _2, current_heap_end
ARM GAS  /tmp/ccE1aRim.s 			page 7


 343              	@ syscalls.c:409: }
 344 000e 7047     		bx	lr	@
 345              	.L26:
 346              	@ syscalls.c:402: 		errno = ENOMEM;						// not enough memory left
 347 0010 0C22     		movs	r2, #12	@ tmp118,
 348 0012 044B     		ldr	r3, .L27+8	@ tmp117,
 349              	@ syscalls.c:403: 		return (caddr_t) -1;				// return immediatelly
 350 0014 4FF0FF30 		mov	r0, #-1	@ <retval>,
 351              	@ syscalls.c:402: 		errno = ENOMEM;						// not enough memory left
 352 0018 1A60     		str	r2, [r3]	@ tmp118, errno
 353              	@ syscalls.c:403: 		return (caddr_t) -1;				// return immediatelly
 354 001a 7047     		bx	lr	@
 355              	.L28:
 356              		.align	2
 357              	.L27:
 358 001c 00000000 		.word	.LANCHOR0
 359 0020 00000000 		.word	__heap_end
 360 0024 00000000 		.word	errno
 361              		.size	_sbrk_r, .-_sbrk_r
 362              		.section	.text._stat_r,"ax",%progbits
 363              		.align	1
 364              		.p2align 2,,3
 365              		.global	_stat_r
 366              		.syntax unified
 367              		.thumb
 368              		.thumb_func
 369              		.fpu softvfp
 370              		.type	_stat_r, %function
 371              	_stat_r:
 372              		@ args = 0, pretend = 0, frame = 0
 373              		@ frame_needed = 0, uses_anonymous_args = 0
 374              		@ link register save eliminated.
 375              	@ syscalls.c:430: 	st->st_mode = S_IFCHR;
 376 0000 4FF40053 		mov	r3, #8192	@ tmp114,
 377              	@ syscalls.c:432: }
 378 0004 0020     		movs	r0, #0	@,
 379              	@ syscalls.c:430: 	st->st_mode = S_IFCHR;
 380 0006 5360     		str	r3, [r2, #4]	@ tmp114, st_4(D)->st_mode
 381              	@ syscalls.c:432: }
 382 0008 7047     		bx	lr	@
 383              		.size	_stat_r, .-_stat_r
 384 000a 00BF     		.section	.text._times_r,"ax",%progbits
 385              		.align	1
 386              		.p2align 2,,3
 387              		.global	_times_r
 388              		.syntax unified
 389              		.thumb
 390              		.thumb_func
 391              		.fpu softvfp
 392              		.type	_times_r, %function
 393              	_times_r:
 394              		@ args = 0, pretend = 0, frame = 0
 395              		@ frame_needed = 0, uses_anonymous_args = 0
 396              		@ link register save eliminated.
 397              	@ syscalls.c:453: }
 398 0000 4FF0FF30 		mov	r0, #-1	@,
 399 0004 7047     		bx	lr	@
ARM GAS  /tmp/ccE1aRim.s 			page 8


 400              		.size	_times_r, .-_times_r
 401 0006 00BF     		.section	.text._unlink_r,"ax",%progbits
 402              		.align	1
 403              		.p2align 2,,3
 404              		.global	_unlink_r
 405              		.syntax unified
 406              		.thumb
 407              		.thumb_func
 408              		.fpu softvfp
 409              		.type	_unlink_r, %function
 410              	_unlink_r:
 411              		@ args = 0, pretend = 0, frame = 0
 412              		@ frame_needed = 0, uses_anonymous_args = 0
 413              		@ link register save eliminated.
 414              	@ syscalls.c:473: 	errno = ENOENT;
 415 0000 0222     		movs	r2, #2	@ tmp114,
 416 0002 024B     		ldr	r3, .L32	@ tmp113,
 417              	@ syscalls.c:475: }
 418 0004 4FF0FF30 		mov	r0, #-1	@,
 419              	@ syscalls.c:473: 	errno = ENOENT;
 420 0008 1A60     		str	r2, [r3]	@ tmp114, errno
 421              	@ syscalls.c:475: }
 422 000a 7047     		bx	lr	@
 423              	.L33:
 424              		.align	2
 425              	.L32:
 426 000c 00000000 		.word	errno
 427              		.size	_unlink_r, .-_unlink_r
 428              		.section	.text._wait_r,"ax",%progbits
 429              		.align	1
 430              		.p2align 2,,3
 431              		.global	_wait_r
 432              		.syntax unified
 433              		.thumb
 434              		.thumb_func
 435              		.fpu softvfp
 436              		.type	_wait_r, %function
 437              	_wait_r:
 438              		@ args = 0, pretend = 0, frame = 0
 439              		@ frame_needed = 0, uses_anonymous_args = 0
 440              		@ link register save eliminated.
 441              	@ syscalls.c:495: 	errno = ECHILD;
 442 0000 0A22     		movs	r2, #10	@ tmp114,
 443 0002 024B     		ldr	r3, .L35	@ tmp113,
 444              	@ syscalls.c:497: }
 445 0004 4FF0FF30 		mov	r0, #-1	@,
 446              	@ syscalls.c:495: 	errno = ECHILD;
 447 0008 1A60     		str	r2, [r3]	@ tmp114, errno
 448              	@ syscalls.c:497: }
 449 000a 7047     		bx	lr	@
 450              	.L36:
 451              		.align	2
 452              	.L35:
 453 000c 00000000 		.word	errno
 454              		.size	_wait_r, .-_wait_r
 455              		.section	.text._write_r,"ax",%progbits
 456              		.align	1
ARM GAS  /tmp/ccE1aRim.s 			page 9


 457              		.p2align 2,,3
 458              		.global	_write_r
 459              		.syntax unified
 460              		.thumb
 461              		.thumb_func
 462              		.fpu softvfp
 463              		.type	_write_r, %function
 464              	_write_r:
 465              		@ args = 0, pretend = 0, frame = 0
 466              		@ frame_needed = 0, uses_anonymous_args = 0
 467              		@ link register save eliminated.
 468 0000 0020     		movs	r0, #0	@,
 469 0002 7047     		bx	lr	@
 470              		.size	_write_r, .-_write_r
 471              		.global	environ
 472              		.global	environ_initial
 473              		.section	.bss.environ_initial,"aw",%nobits
 474              		.align	2
 475              		.type	environ_initial, %object
 476              		.size	environ_initial, 4
 477              	environ_initial:
 478 0000 00000000 		.space	4
 479              		.section	.data.current_heap_end.4627,"aw",%progbits
 480              		.align	2
 481              		.set	.LANCHOR0,. + 0
 482              		.type	current_heap_end.4627, %object
 483              		.size	current_heap_end.4627, 4
 484              	current_heap_end.4627:
 485 0000 00000000 		.word	__heap_start
 486              		.section	.data.environ,"aw",%progbits
 487              		.align	2
 488              		.type	environ, %object
 489              		.size	environ, 4
 490              	environ:
 491 0000 00000000 		.word	environ_initial
 492              		.ident	"GCC: (15:7-2018-q2-6) 7.3.1 20180622 (release) [ARM/embedded-7-branch revision 261907]"
ARM GAS  /tmp/ccE1aRim.s 			page 10


DEFINED SYMBOLS
                            *ABS*:00000000 syscalls.c
     /tmp/ccE1aRim.s:70     .text._close_r:00000000 $t
     /tmp/ccE1aRim.s:78     .text._close_r:00000000 _close_r
     /tmp/ccE1aRim.s:87     .text._execve_r:00000000 $t
     /tmp/ccE1aRim.s:95     .text._execve_r:00000000 _execve_r
     /tmp/ccE1aRim.s:111    .text._execve_r:0000000c $d
     /tmp/ccE1aRim.s:114    .text._exit:00000000 $t
     /tmp/ccE1aRim.s:122    .text._exit:00000000 _exit
     /tmp/ccE1aRim.s:131    .text._fork_r:00000000 $t
     /tmp/ccE1aRim.s:139    .text._fork_r:00000000 _fork_r
     /tmp/ccE1aRim.s:155    .text._fork_r:0000000c $d
     /tmp/ccE1aRim.s:158    .text._fstat_r:00000000 $t
     /tmp/ccE1aRim.s:166    .text._fstat_r:00000000 _fstat_r
     /tmp/ccE1aRim.s:180    .text._getpid_r:00000000 $t
     /tmp/ccE1aRim.s:188    .text._getpid_r:00000000 _getpid_r
     /tmp/ccE1aRim.s:197    .text._isatty_r:00000000 $t
     /tmp/ccE1aRim.s:205    .text._isatty_r:00000000 _isatty_r
     /tmp/ccE1aRim.s:214    .text._kill_r:00000000 $t
     /tmp/ccE1aRim.s:222    .text._kill_r:00000000 _kill_r
     /tmp/ccE1aRim.s:238    .text._kill_r:0000000c $d
     /tmp/ccE1aRim.s:241    .text._link_r:00000000 $t
     /tmp/ccE1aRim.s:249    .text._link_r:00000000 _link_r
     /tmp/ccE1aRim.s:265    .text._link_r:0000000c $d
     /tmp/ccE1aRim.s:268    .text._lseek_r:00000000 $t
     /tmp/ccE1aRim.s:276    .text._lseek_r:00000000 _lseek_r
     /tmp/ccE1aRim.s:285    .text._open_r:00000000 $t
     /tmp/ccE1aRim.s:293    .text._open_r:00000000 _open_r
     /tmp/ccE1aRim.s:302    .text._read_r:00000000 $t
     /tmp/ccE1aRim.s:310    .text._read_r:00000000 _read_r
     /tmp/ccE1aRim.s:319    .text._sbrk_r:00000000 $t
     /tmp/ccE1aRim.s:327    .text._sbrk_r:00000000 _sbrk_r
     /tmp/ccE1aRim.s:358    .text._sbrk_r:0000001c $d
     /tmp/ccE1aRim.s:363    .text._stat_r:00000000 $t
     /tmp/ccE1aRim.s:371    .text._stat_r:00000000 _stat_r
     /tmp/ccE1aRim.s:385    .text._times_r:00000000 $t
     /tmp/ccE1aRim.s:393    .text._times_r:00000000 _times_r
     /tmp/ccE1aRim.s:402    .text._unlink_r:00000000 $t
     /tmp/ccE1aRim.s:410    .text._unlink_r:00000000 _unlink_r
     /tmp/ccE1aRim.s:426    .text._unlink_r:0000000c $d
     /tmp/ccE1aRim.s:429    .text._wait_r:00000000 $t
     /tmp/ccE1aRim.s:437    .text._wait_r:00000000 _wait_r
     /tmp/ccE1aRim.s:453    .text._wait_r:0000000c $d
     /tmp/ccE1aRim.s:456    .text._write_r:00000000 $t
     /tmp/ccE1aRim.s:464    .text._write_r:00000000 _write_r
     /tmp/ccE1aRim.s:490    .data.environ:00000000 environ
     /tmp/ccE1aRim.s:477    .bss.environ_initial:00000000 environ_initial
     /tmp/ccE1aRim.s:474    .bss.environ_initial:00000000 $d
     /tmp/ccE1aRim.s:480    .data.current_heap_end.4627:00000000 $d
     /tmp/ccE1aRim.s:484    .data.current_heap_end.4627:00000000 current_heap_end.4627
     /tmp/ccE1aRim.s:487    .data.environ:00000000 $d

UNDEFINED SYMBOLS
errno
__heap_end
__heap_start
