ARM GAS  /tmp/ccvRHZcW.s 			page 1


   1              		.cpu cortex-m3
   2              		.eabi_attribute 20, 1	@ Tag_ABI_FP_denormal
   3              		.eabi_attribute 21, 1	@ Tag_ABI_FP_exceptions
   4              		.eabi_attribute 23, 3	@ Tag_ABI_FP_number_model
   5              		.eabi_attribute 24, 1	@ Tag_ABI_align8_needed
   6              		.eabi_attribute 25, 1	@ Tag_ABI_align8_preserved
   7              		.eabi_attribute 26, 1	@ Tag_ABI_enum_size
   8              		.eabi_attribute 30, 2	@ Tag_ABI_optimization_goals
   9              		.eabi_attribute 34, 1	@ Tag_CPU_unaligned_access
  10              		.eabi_attribute 18, 4	@ Tag_ABI_PCS_wchar_t
  11              		.file	"vectors.c"
  12              	@ GNU C99 (15:7-2018-q2-6) version 7.3.1 20180622 (release) [ARM/embedded-7-branch revision 261907]
  13              	@	compiled by GNU C version 8.2.0, GMP version 6.1.2, MPFR version 4.0.2, MPC version 1.1.0, isl ve
  14              	@ GGC heuristics: --param ggc-min-expand=100 --param ggc-min-heapsize=131072
  15              	@ options passed:  -I . -imultilib thumb/v7-m -MD out/vectors.d
  16              	@ -MF out/vectors.d -MP -MQ out/vectors.o -D__USES_INITFINI__ -D RAMCODE
  17              	@ -D STM32F10X_HD vectors.c -mcpu=cortex-m3 -mthumb
  18              	@ -auxbase-strip out/vectors.o -O2 -Wall -Wstrict-prototypes -Wextra
  19              	@ -Wno-uninitialized -Wno-unused-but-set-variable -Wno-unused-parameter
  20              	@ -Wno-unused-variable -std=gnu99 -ffunction-sections -fdata-sections
  21              	@ -fverbose-asm
  22              	@ options enabled:  -faggressive-loop-optimizations -falign-jumps
  23              	@ -falign-labels -falign-loops -fauto-inc-dec -fbranch-count-reg
  24              	@ -fcaller-saves -fchkp-check-incomplete-type -fchkp-check-read
  25              	@ -fchkp-check-write -fchkp-instrument-calls -fchkp-narrow-bounds
  26              	@ -fchkp-optimize -fchkp-store-bounds -fchkp-use-static-bounds
  27              	@ -fchkp-use-static-const-bounds -fchkp-use-wrappers -fcode-hoisting
  28              	@ -fcombine-stack-adjustments -fcommon -fcompare-elim -fcprop-registers
  29              	@ -fcrossjumping -fcse-follow-jumps -fdata-sections -fdefer-pop
  30              	@ -fdelete-null-pointer-checks -fdevirtualize -fdevirtualize-speculatively
  31              	@ -fdwarf2-cfi-asm -fearly-inlining -feliminate-unused-debug-types
  32              	@ -fexpensive-optimizations -fforward-propagate -ffp-int-builtin-inexact
  33              	@ -ffunction-cse -ffunction-sections -fgcse -fgcse-lm -fgnu-runtime
  34              	@ -fgnu-unique -fguess-branch-probability -fhoist-adjacent-loads -fident
  35              	@ -fif-conversion -fif-conversion2 -findirect-inlining -finline
  36              	@ -finline-atomics -finline-functions-called-once -finline-small-functions
  37              	@ -fipa-bit-cp -fipa-cp -fipa-icf -fipa-icf-functions -fipa-icf-variables
  38              	@ -fipa-profile -fipa-pure-const -fipa-ra -fipa-reference -fipa-sra
  39              	@ -fipa-vrp -fira-hoist-pressure -fira-share-save-slots
  40              	@ -fira-share-spill-slots -fisolate-erroneous-paths-dereference -fivopts
  41              	@ -fkeep-static-consts -fleading-underscore -flifetime-dse -flra-remat
  42              	@ -flto-odr-type-merging -fmath-errno -fmerge-constants
  43              	@ -fmerge-debug-strings -fmove-loop-invariants -fomit-frame-pointer
  44              	@ -foptimize-sibling-calls -foptimize-strlen -fpartial-inlining -fpeephole
  45              	@ -fpeephole2 -fplt -fprefetch-loop-arrays -freg-struct-return
  46              	@ -freorder-blocks -freorder-functions -frerun-cse-after-loop
  47              	@ -fsched-critical-path-heuristic -fsched-dep-count-heuristic
  48              	@ -fsched-group-heuristic -fsched-interblock -fsched-last-insn-heuristic
  49              	@ -fsched-pressure -fsched-rank-heuristic -fsched-spec
  50              	@ -fsched-spec-insn-heuristic -fsched-stalled-insns-dep -fschedule-insns
  51              	@ -fschedule-insns2 -fsection-anchors -fsemantic-interposition
  52              	@ -fshow-column -fshrink-wrap -fshrink-wrap-separate -fsigned-zeros
  53              	@ -fsplit-ivs-in-unroller -fsplit-wide-types -fssa-backprop -fssa-phiopt
  54              	@ -fstdarg-opt -fstore-merging -fstrict-aliasing -fstrict-overflow
  55              	@ -fstrict-volatile-bitfields -fsync-libcalls -fthread-jumps
  56              	@ -ftoplevel-reorder -ftrapping-math -ftree-bit-ccp -ftree-builtin-call-dce
  57              	@ -ftree-ccp -ftree-ch -ftree-coalesce-vars -ftree-copy-prop -ftree-cselim
ARM GAS  /tmp/ccvRHZcW.s 			page 2


  58              	@ -ftree-dce -ftree-dominator-opts -ftree-dse -ftree-forwprop -ftree-fre
  59              	@ -ftree-loop-if-convert -ftree-loop-im -ftree-loop-ivcanon
  60              	@ -ftree-loop-optimize -ftree-parallelize-loops= -ftree-phiprop -ftree-pre
  61              	@ -ftree-pta -ftree-reassoc -ftree-scev-cprop -ftree-sink -ftree-slsr
  62              	@ -ftree-sra -ftree-switch-conversion -ftree-tail-merge -ftree-ter
  63              	@ -ftree-vrp -funit-at-a-time -fverbose-asm -fzero-initialized-in-bss
  64              	@ -masm-syntax-unified -mfix-cortex-m3-ldrd -mlittle-endian
  65              	@ -mpic-data-is-text-relative -msched-prolog -mthumb -munaligned-access
  66              	@ -mvectorize-with-neon-quad
  67              	
  68              		.text
  69              		.section	.text.__Default_Handler,"ax",%progbits
  70              		.align	1
  71              		.p2align 2,,3
  72              		.syntax unified
  73              		.thumb
  74              		.thumb_func
  75              		.fpu softvfp
  76              		.type	__Default_Handler, %function
  77              	__Default_Handler:
  78              		@ Volatile: function does not return.
  79              		@ Stack Align: May be called with mis-aligned SP.
  80              		@ args = 0, pretend = 0, frame = 0
  81              		@ frame_needed = 0, uses_anonymous_args = 0
  82              		@ link register save eliminated.
  83 0000 6846     		mov	r0, sp	@,
  84 0002 20F00701 		bic	r1, r0, #7	@,,
  85 0006 8D46     		mov	sp, r1	@,
  86              	.L2:
  87 0008 FEE7     		b	.L2	@
  88              		.size	__Default_Handler, .-__Default_Handler
  89              		.weak	DMA2_Channel4_5_IRQHandler
  90              		.thumb_set DMA2_Channel4_5_IRQHandler,__Default_Handler
  91              		.weak	DMA2_Channel3_IRQHandler
  92              		.thumb_set DMA2_Channel3_IRQHandler,__Default_Handler
  93              		.weak	DMA2_Channel2_IRQHandler
  94              		.thumb_set DMA2_Channel2_IRQHandler,__Default_Handler
  95              		.weak	DMA2_Channel1_IRQHandler
  96              		.thumb_set DMA2_Channel1_IRQHandler,__Default_Handler
  97              		.weak	TIM7_IRQHandler
  98              		.thumb_set TIM7_IRQHandler,__Default_Handler
  99              		.weak	TIM6_IRQHandler
 100              		.thumb_set TIM6_IRQHandler,__Default_Handler
 101              		.weak	UART5_IRQHandler
 102              		.thumb_set UART5_IRQHandler,__Default_Handler
 103              		.weak	UART4_IRQHandler
 104              		.thumb_set UART4_IRQHandler,__Default_Handler
 105              		.weak	SPI3_IRQHandler
 106              		.thumb_set SPI3_IRQHandler,__Default_Handler
 107              		.weak	TIM5_IRQHandler
 108              		.thumb_set TIM5_IRQHandler,__Default_Handler
 109              		.weak	SDIO_IRQHandler
 110              		.thumb_set SDIO_IRQHandler,__Default_Handler
 111              		.weak	FSMC_IRQHandler
 112              		.thumb_set FSMC_IRQHandler,__Default_Handler
 113              		.weak	ADC3_IRQHandler
 114              		.thumb_set ADC3_IRQHandler,__Default_Handler
ARM GAS  /tmp/ccvRHZcW.s 			page 3


 115              		.weak	TIM8_CC_IRQHandler
 116              		.thumb_set TIM8_CC_IRQHandler,__Default_Handler
 117              		.weak	TIM8_TRG_COM_IRQHandler
 118              		.thumb_set TIM8_TRG_COM_IRQHandler,__Default_Handler
 119              		.weak	TIM8_UP_IRQHandler
 120              		.thumb_set TIM8_UP_IRQHandler,__Default_Handler
 121              		.weak	TIM8_BRK_IRQHandler
 122              		.thumb_set TIM8_BRK_IRQHandler,__Default_Handler
 123              		.weak	USBWakeup_IRQHandler
 124              		.thumb_set USBWakeup_IRQHandler,__Default_Handler
 125              		.weak	RTCAlarm_IRQHandler
 126              		.thumb_set RTCAlarm_IRQHandler,__Default_Handler
 127              		.weak	EXTI15_10_IRQHandler
 128              		.thumb_set EXTI15_10_IRQHandler,__Default_Handler
 129              		.weak	USART3_IRQHandler
 130              		.thumb_set USART3_IRQHandler,__Default_Handler
 131              		.weak	USART2_IRQHandler
 132              		.thumb_set USART2_IRQHandler,__Default_Handler
 133              		.weak	USART1_IRQHandler
 134              		.thumb_set USART1_IRQHandler,__Default_Handler
 135              		.weak	SPI2_IRQHandler
 136              		.thumb_set SPI2_IRQHandler,__Default_Handler
 137              		.weak	SPI1_IRQHandler
 138              		.thumb_set SPI1_IRQHandler,__Default_Handler
 139              		.weak	I2C2_ER_IRQHandler
 140              		.thumb_set I2C2_ER_IRQHandler,__Default_Handler
 141              		.weak	I2C2_EV_IRQHandler
 142              		.thumb_set I2C2_EV_IRQHandler,__Default_Handler
 143              		.weak	I2C1_ER_IRQHandler
 144              		.thumb_set I2C1_ER_IRQHandler,__Default_Handler
 145              		.weak	I2C1_EV_IRQHandler
 146              		.thumb_set I2C1_EV_IRQHandler,__Default_Handler
 147              		.weak	TIM4_IRQHandler
 148              		.thumb_set TIM4_IRQHandler,__Default_Handler
 149              		.weak	TIM3_IRQHandler
 150              		.thumb_set TIM3_IRQHandler,__Default_Handler
 151              		.weak	TIM2_IRQHandler
 152              		.thumb_set TIM2_IRQHandler,__Default_Handler
 153              		.weak	TIM1_CC_IRQHandler
 154              		.thumb_set TIM1_CC_IRQHandler,__Default_Handler
 155              		.weak	TIM1_TRG_COM_IRQHandler
 156              		.thumb_set TIM1_TRG_COM_IRQHandler,__Default_Handler
 157              		.weak	TIM1_UP_IRQHandler
 158              		.thumb_set TIM1_UP_IRQHandler,__Default_Handler
 159              		.weak	TIM1_BRK_IRQHandler
 160              		.thumb_set TIM1_BRK_IRQHandler,__Default_Handler
 161              		.weak	EXTI9_5_IRQHandler
 162              		.thumb_set EXTI9_5_IRQHandler,__Default_Handler
 163              		.weak	CAN_SCE_IRQHandler
 164              		.thumb_set CAN_SCE_IRQHandler,__Default_Handler
 165              		.weak	CAN_RX1_IRQHandler
 166              		.thumb_set CAN_RX1_IRQHandler,__Default_Handler
 167              		.weak	USB_LP_CAN_RX0_IRQHandler
 168              		.thumb_set USB_LP_CAN_RX0_IRQHandler,__Default_Handler
 169              		.weak	USB_HP_CAN_TX_IRQHandler
 170              		.thumb_set USB_HP_CAN_TX_IRQHandler,__Default_Handler
 171              		.weak	ADC1_2_IRQHandler
ARM GAS  /tmp/ccvRHZcW.s 			page 4


 172              		.thumb_set ADC1_2_IRQHandler,__Default_Handler
 173              		.weak	DMA1_Channel7_IRQHandler
 174              		.thumb_set DMA1_Channel7_IRQHandler,__Default_Handler
 175              		.weak	DMA1_Channel6_IRQHandler
 176              		.thumb_set DMA1_Channel6_IRQHandler,__Default_Handler
 177              		.weak	DMA1_Channel5_IRQHandler
 178              		.thumb_set DMA1_Channel5_IRQHandler,__Default_Handler
 179              		.weak	DMA1_Channel4_IRQHandler
 180              		.thumb_set DMA1_Channel4_IRQHandler,__Default_Handler
 181              		.weak	DMA1_Channel3_IRQHandler
 182              		.thumb_set DMA1_Channel3_IRQHandler,__Default_Handler
 183              		.weak	DMA1_Channel2_IRQHandler
 184              		.thumb_set DMA1_Channel2_IRQHandler,__Default_Handler
 185              		.weak	DMA1_Channel1_IRQHandler
 186              		.thumb_set DMA1_Channel1_IRQHandler,__Default_Handler
 187              		.weak	EXTI4_IRQHandler
 188              		.thumb_set EXTI4_IRQHandler,__Default_Handler
 189              		.weak	EXTI3_IRQHandler
 190              		.thumb_set EXTI3_IRQHandler,__Default_Handler
 191              		.weak	EXTI2_IRQHandler
 192              		.thumb_set EXTI2_IRQHandler,__Default_Handler
 193              		.weak	EXTI1_IRQHandler
 194              		.thumb_set EXTI1_IRQHandler,__Default_Handler
 195              		.weak	EXTI0_IRQHandler
 196              		.thumb_set EXTI0_IRQHandler,__Default_Handler
 197              		.weak	RCC_IRQHandler
 198              		.thumb_set RCC_IRQHandler,__Default_Handler
 199              		.weak	FLASH_IRQHandler
 200              		.thumb_set FLASH_IRQHandler,__Default_Handler
 201              		.weak	RTC_IRQHandler
 202              		.thumb_set RTC_IRQHandler,__Default_Handler
 203              		.weak	TAMPER_IRQHandler
 204              		.thumb_set TAMPER_IRQHandler,__Default_Handler
 205              		.weak	PVD_IRQHandler
 206              		.thumb_set PVD_IRQHandler,__Default_Handler
 207              		.weak	WWDG_IRQHandler
 208              		.thumb_set WWDG_IRQHandler,__Default_Handler
 209              		.weak	SysTick_Handler
 210              		.thumb_set SysTick_Handler,__Default_Handler
 211              		.weak	PendSV_Handler
 212              		.thumb_set PendSV_Handler,__Default_Handler
 213              		.weak	__Reserved_0x34_Handler
 214              		.thumb_set __Reserved_0x34_Handler,__Default_Handler
 215              		.weak	DebugMon_Handler
 216              		.thumb_set DebugMon_Handler,__Default_Handler
 217              		.weak	SVC_Handler
 218              		.thumb_set SVC_Handler,__Default_Handler
 219              		.weak	__Reserved_0x28_Handler
 220              		.thumb_set __Reserved_0x28_Handler,__Default_Handler
 221              		.weak	__Reserved_0x24_Handler
 222              		.thumb_set __Reserved_0x24_Handler,__Default_Handler
 223              		.weak	__Reserved_0x20_Handler
 224              		.thumb_set __Reserved_0x20_Handler,__Default_Handler
 225              		.weak	__Reserved_0x1C_Handler
 226              		.thumb_set __Reserved_0x1C_Handler,__Default_Handler
 227              		.weak	UsageFault_Handler
 228              		.thumb_set UsageFault_Handler,__Default_Handler
ARM GAS  /tmp/ccvRHZcW.s 			page 5


 229              		.weak	BusFault_Handler
 230              		.thumb_set BusFault_Handler,__Default_Handler
 231              		.weak	MemManage_Handler
 232              		.thumb_set MemManage_Handler,__Default_Handler
 233              		.weak	HardFault_Handler
 234              		.thumb_set HardFault_Handler,__Default_Handler
 235              		.weak	NMI_Handler
 236              		.thumb_set NMI_Handler,__Default_Handler
 237              		.global	vectors
 238 000a 00BF     		.section	.vectors,"a",%progbits
 239              		.align	2
 240              		.type	vectors, %object
 241              		.size	vectors, 304
 242              	vectors:
 243 0000 00000000 		.word	__main_stack_end
 244 0004 00000000 		.word	Reset_Handler
 245 0008 00000000 		.word	NMI_Handler
 246 000c 00000000 		.word	HardFault_Handler
 247 0010 00000000 		.word	MemManage_Handler
 248 0014 00000000 		.word	BusFault_Handler
 249 0018 00000000 		.word	UsageFault_Handler
 250 001c 00000000 		.word	__Reserved_0x1C_Handler
 251 0020 00000000 		.word	__Reserved_0x20_Handler
 252 0024 00000000 		.word	__Reserved_0x24_Handler
 253 0028 00000000 		.word	__Reserved_0x28_Handler
 254 002c 00000000 		.word	SVC_Handler
 255 0030 00000000 		.word	DebugMon_Handler
 256 0034 00000000 		.word	__Reserved_0x34_Handler
 257 0038 00000000 		.word	PendSV_Handler
 258 003c 00000000 		.word	SysTick_Handler
 259 0040 00000000 		.word	WWDG_IRQHandler
 260 0044 00000000 		.word	PVD_IRQHandler
 261 0048 00000000 		.word	TAMPER_IRQHandler
 262 004c 00000000 		.word	RTC_IRQHandler
 263 0050 00000000 		.word	FLASH_IRQHandler
 264 0054 00000000 		.word	RCC_IRQHandler
 265 0058 00000000 		.word	EXTI0_IRQHandler
 266 005c 00000000 		.word	EXTI1_IRQHandler
 267 0060 00000000 		.word	EXTI2_IRQHandler
 268 0064 00000000 		.word	EXTI3_IRQHandler
 269 0068 00000000 		.word	EXTI4_IRQHandler
 270 006c 00000000 		.word	DMA1_Channel1_IRQHandler
 271 0070 00000000 		.word	DMA1_Channel2_IRQHandler
 272 0074 00000000 		.word	DMA1_Channel3_IRQHandler
 273 0078 00000000 		.word	DMA1_Channel4_IRQHandler
 274 007c 00000000 		.word	DMA1_Channel5_IRQHandler
 275 0080 00000000 		.word	DMA1_Channel6_IRQHandler
 276 0084 00000000 		.word	DMA1_Channel7_IRQHandler
 277 0088 00000000 		.word	ADC1_2_IRQHandler
 278 008c 00000000 		.word	USB_HP_CAN_TX_IRQHandler
 279 0090 00000000 		.word	USB_LP_CAN_RX0_IRQHandler
 280 0094 00000000 		.word	CAN_RX1_IRQHandler
 281 0098 00000000 		.word	CAN_SCE_IRQHandler
 282 009c 00000000 		.word	EXTI9_5_IRQHandler
 283 00a0 00000000 		.word	TIM1_BRK_IRQHandler
 284 00a4 00000000 		.word	TIM1_UP_IRQHandler
 285 00a8 00000000 		.word	TIM1_TRG_COM_IRQHandler
ARM GAS  /tmp/ccvRHZcW.s 			page 6


 286 00ac 00000000 		.word	TIM1_CC_IRQHandler
 287 00b0 00000000 		.word	TIM2_IRQHandler
 288 00b4 00000000 		.word	TIM3_IRQHandler
 289 00b8 00000000 		.word	TIM4_IRQHandler
 290 00bc 00000000 		.word	I2C1_EV_IRQHandler
 291 00c0 00000000 		.word	I2C1_ER_IRQHandler
 292 00c4 00000000 		.word	I2C2_EV_IRQHandler
 293 00c8 00000000 		.word	I2C2_ER_IRQHandler
 294 00cc 00000000 		.word	SPI1_IRQHandler
 295 00d0 00000000 		.word	SPI2_IRQHandler
 296 00d4 00000000 		.word	USART1_IRQHandler
 297 00d8 00000000 		.word	USART2_IRQHandler
 298 00dc 00000000 		.word	USART3_IRQHandler
 299 00e0 00000000 		.word	EXTI15_10_IRQHandler
 300 00e4 00000000 		.word	RTCAlarm_IRQHandler
 301 00e8 00000000 		.word	USBWakeup_IRQHandler
 302 00ec 00000000 		.word	TIM8_BRK_IRQHandler
 303 00f0 00000000 		.word	TIM8_UP_IRQHandler
 304 00f4 00000000 		.word	TIM8_TRG_COM_IRQHandler
 305 00f8 00000000 		.word	TIM8_CC_IRQHandler
 306 00fc 00000000 		.word	ADC3_IRQHandler
 307 0100 00000000 		.word	FSMC_IRQHandler
 308 0104 00000000 		.word	SDIO_IRQHandler
 309 0108 00000000 		.word	TIM5_IRQHandler
 310 010c 00000000 		.word	SPI3_IRQHandler
 311 0110 00000000 		.word	UART4_IRQHandler
 312 0114 00000000 		.word	UART5_IRQHandler
 313 0118 00000000 		.word	TIM6_IRQHandler
 314 011c 00000000 		.word	TIM7_IRQHandler
 315 0120 00000000 		.word	DMA2_Channel1_IRQHandler
 316 0124 00000000 		.word	DMA2_Channel2_IRQHandler
 317 0128 00000000 		.word	DMA2_Channel3_IRQHandler
 318 012c 00000000 		.word	DMA2_Channel4_5_IRQHandler
 319              		.ident	"GCC: (15:7-2018-q2-6) 7.3.1 20180622 (release) [ARM/embedded-7-branch revision 261907]"
ARM GAS  /tmp/ccvRHZcW.s 			page 7


DEFINED SYMBOLS
                            *ABS*:00000000 vectors.c
     /tmp/ccvRHZcW.s:70     .text.__Default_Handler:00000000 $t
     /tmp/ccvRHZcW.s:77     .text.__Default_Handler:00000000 __Default_Handler
     /tmp/ccvRHZcW.s:77     .text.__Default_Handler:00000000 DMA2_Channel4_5_IRQHandler
     /tmp/ccvRHZcW.s:77     .text.__Default_Handler:00000000 DMA2_Channel3_IRQHandler
     /tmp/ccvRHZcW.s:77     .text.__Default_Handler:00000000 DMA2_Channel2_IRQHandler
     /tmp/ccvRHZcW.s:77     .text.__Default_Handler:00000000 DMA2_Channel1_IRQHandler
     /tmp/ccvRHZcW.s:77     .text.__Default_Handler:00000000 TIM7_IRQHandler
     /tmp/ccvRHZcW.s:77     .text.__Default_Handler:00000000 TIM6_IRQHandler
     /tmp/ccvRHZcW.s:77     .text.__Default_Handler:00000000 UART5_IRQHandler
     /tmp/ccvRHZcW.s:77     .text.__Default_Handler:00000000 UART4_IRQHandler
     /tmp/ccvRHZcW.s:77     .text.__Default_Handler:00000000 SPI3_IRQHandler
     /tmp/ccvRHZcW.s:77     .text.__Default_Handler:00000000 TIM5_IRQHandler
     /tmp/ccvRHZcW.s:77     .text.__Default_Handler:00000000 SDIO_IRQHandler
     /tmp/ccvRHZcW.s:77     .text.__Default_Handler:00000000 FSMC_IRQHandler
     /tmp/ccvRHZcW.s:77     .text.__Default_Handler:00000000 ADC3_IRQHandler
     /tmp/ccvRHZcW.s:77     .text.__Default_Handler:00000000 TIM8_CC_IRQHandler
     /tmp/ccvRHZcW.s:77     .text.__Default_Handler:00000000 TIM8_TRG_COM_IRQHandler
     /tmp/ccvRHZcW.s:77     .text.__Default_Handler:00000000 TIM8_UP_IRQHandler
     /tmp/ccvRHZcW.s:77     .text.__Default_Handler:00000000 TIM8_BRK_IRQHandler
     /tmp/ccvRHZcW.s:77     .text.__Default_Handler:00000000 USBWakeup_IRQHandler
     /tmp/ccvRHZcW.s:77     .text.__Default_Handler:00000000 RTCAlarm_IRQHandler
     /tmp/ccvRHZcW.s:77     .text.__Default_Handler:00000000 EXTI15_10_IRQHandler
     /tmp/ccvRHZcW.s:77     .text.__Default_Handler:00000000 USART3_IRQHandler
     /tmp/ccvRHZcW.s:77     .text.__Default_Handler:00000000 USART2_IRQHandler
     /tmp/ccvRHZcW.s:77     .text.__Default_Handler:00000000 USART1_IRQHandler
     /tmp/ccvRHZcW.s:77     .text.__Default_Handler:00000000 SPI2_IRQHandler
     /tmp/ccvRHZcW.s:77     .text.__Default_Handler:00000000 SPI1_IRQHandler
     /tmp/ccvRHZcW.s:77     .text.__Default_Handler:00000000 I2C2_ER_IRQHandler
     /tmp/ccvRHZcW.s:77     .text.__Default_Handler:00000000 I2C2_EV_IRQHandler
     /tmp/ccvRHZcW.s:77     .text.__Default_Handler:00000000 I2C1_ER_IRQHandler
     /tmp/ccvRHZcW.s:77     .text.__Default_Handler:00000000 I2C1_EV_IRQHandler
     /tmp/ccvRHZcW.s:77     .text.__Default_Handler:00000000 TIM4_IRQHandler
     /tmp/ccvRHZcW.s:77     .text.__Default_Handler:00000000 TIM3_IRQHandler
     /tmp/ccvRHZcW.s:77     .text.__Default_Handler:00000000 TIM2_IRQHandler
     /tmp/ccvRHZcW.s:77     .text.__Default_Handler:00000000 TIM1_CC_IRQHandler
     /tmp/ccvRHZcW.s:77     .text.__Default_Handler:00000000 TIM1_TRG_COM_IRQHandler
     /tmp/ccvRHZcW.s:77     .text.__Default_Handler:00000000 TIM1_UP_IRQHandler
     /tmp/ccvRHZcW.s:77     .text.__Default_Handler:00000000 TIM1_BRK_IRQHandler
     /tmp/ccvRHZcW.s:77     .text.__Default_Handler:00000000 EXTI9_5_IRQHandler
     /tmp/ccvRHZcW.s:77     .text.__Default_Handler:00000000 CAN_SCE_IRQHandler
     /tmp/ccvRHZcW.s:77     .text.__Default_Handler:00000000 CAN_RX1_IRQHandler
     /tmp/ccvRHZcW.s:77     .text.__Default_Handler:00000000 USB_LP_CAN_RX0_IRQHandler
     /tmp/ccvRHZcW.s:77     .text.__Default_Handler:00000000 USB_HP_CAN_TX_IRQHandler
     /tmp/ccvRHZcW.s:77     .text.__Default_Handler:00000000 ADC1_2_IRQHandler
     /tmp/ccvRHZcW.s:77     .text.__Default_Handler:00000000 DMA1_Channel7_IRQHandler
     /tmp/ccvRHZcW.s:77     .text.__Default_Handler:00000000 DMA1_Channel6_IRQHandler
     /tmp/ccvRHZcW.s:77     .text.__Default_Handler:00000000 DMA1_Channel5_IRQHandler
     /tmp/ccvRHZcW.s:77     .text.__Default_Handler:00000000 DMA1_Channel4_IRQHandler
     /tmp/ccvRHZcW.s:77     .text.__Default_Handler:00000000 DMA1_Channel3_IRQHandler
     /tmp/ccvRHZcW.s:77     .text.__Default_Handler:00000000 DMA1_Channel2_IRQHandler
     /tmp/ccvRHZcW.s:77     .text.__Default_Handler:00000000 DMA1_Channel1_IRQHandler
     /tmp/ccvRHZcW.s:77     .text.__Default_Handler:00000000 EXTI4_IRQHandler
     /tmp/ccvRHZcW.s:77     .text.__Default_Handler:00000000 EXTI3_IRQHandler
     /tmp/ccvRHZcW.s:77     .text.__Default_Handler:00000000 EXTI2_IRQHandler
     /tmp/ccvRHZcW.s:77     .text.__Default_Handler:00000000 EXTI1_IRQHandler
ARM GAS  /tmp/ccvRHZcW.s 			page 8


     /tmp/ccvRHZcW.s:77     .text.__Default_Handler:00000000 EXTI0_IRQHandler
     /tmp/ccvRHZcW.s:77     .text.__Default_Handler:00000000 RCC_IRQHandler
     /tmp/ccvRHZcW.s:77     .text.__Default_Handler:00000000 FLASH_IRQHandler
     /tmp/ccvRHZcW.s:77     .text.__Default_Handler:00000000 RTC_IRQHandler
     /tmp/ccvRHZcW.s:77     .text.__Default_Handler:00000000 TAMPER_IRQHandler
     /tmp/ccvRHZcW.s:77     .text.__Default_Handler:00000000 PVD_IRQHandler
     /tmp/ccvRHZcW.s:77     .text.__Default_Handler:00000000 WWDG_IRQHandler
     /tmp/ccvRHZcW.s:77     .text.__Default_Handler:00000000 SysTick_Handler
     /tmp/ccvRHZcW.s:77     .text.__Default_Handler:00000000 PendSV_Handler
     /tmp/ccvRHZcW.s:77     .text.__Default_Handler:00000000 __Reserved_0x34_Handler
     /tmp/ccvRHZcW.s:77     .text.__Default_Handler:00000000 DebugMon_Handler
     /tmp/ccvRHZcW.s:77     .text.__Default_Handler:00000000 SVC_Handler
     /tmp/ccvRHZcW.s:77     .text.__Default_Handler:00000000 __Reserved_0x28_Handler
     /tmp/ccvRHZcW.s:77     .text.__Default_Handler:00000000 __Reserved_0x24_Handler
     /tmp/ccvRHZcW.s:77     .text.__Default_Handler:00000000 __Reserved_0x20_Handler
     /tmp/ccvRHZcW.s:77     .text.__Default_Handler:00000000 __Reserved_0x1C_Handler
     /tmp/ccvRHZcW.s:77     .text.__Default_Handler:00000000 UsageFault_Handler
     /tmp/ccvRHZcW.s:77     .text.__Default_Handler:00000000 BusFault_Handler
     /tmp/ccvRHZcW.s:77     .text.__Default_Handler:00000000 MemManage_Handler
     /tmp/ccvRHZcW.s:77     .text.__Default_Handler:00000000 HardFault_Handler
     /tmp/ccvRHZcW.s:77     .text.__Default_Handler:00000000 NMI_Handler
     /tmp/ccvRHZcW.s:242    .vectors:00000000 vectors
     /tmp/ccvRHZcW.s:239    .vectors:00000000 $d

UNDEFINED SYMBOLS
__main_stack_end
Reset_Handler
